


ARM Macro Assembler    Page 1 


    1 00000000                 AREA             RESET, DATA, READONLY
    2 00000000                 EXPORT           __Vectors
    3 00000000         __Vectors
    4 00000000 10001001        DCD              0X10001001  ;STACK POINTER VALU
                                                            E WHEN
    5 00000004 00000000        DCD              Reset_Handler ;reset vector
    6 00000008                 ALIGN
    7 00000008                 AREA             mycode, CODE, READONLY
    8 00000000                 ENTRY
    9 00000000                 EXPORT           Reset_Handler
   10 00000000         Reset_Handler
   11 00000000 4803            LDR              R0, =N      ;R0 = 0X000010?
   12 00000002 4904            LDR              R1, =DST
   13 00000004 6802            LDR              R2, [R0]    ;R2=R0
   14 00000006 600A            STR              R2, [R1]    ;OPPOSITE TO LDR
   15 00000008 E7FE    STOP    B                STOP
   16 0000000A 00 00 12345678 
                       N       DCD              0X12345678
   17 00000010 00000000 
              00000000         AREA             mydata, DATA, READWRITE
   18 00000000 00000000 
                       DST     DCD              0
   19 00000004                 END
Command Line: --debug --xref --cpu=Cortex-M3 --apcs=interwork --depend=lab21.d 
-olab21.o -IC:\Keil\ARM\RV31\INC -IC:\Keil\ARM\CMSIS\Include -IC:\Keil\ARM\Inc\
NXP\LPC17xx --predefine="__EVAL SETA 1" --list=lab21.lst lab21.asm



ARM Macro Assembler    Page 1 Alphabetic symbol ordering
Relocatable symbols

RESET 00000000

Symbol: RESET
   Definitions
      At line 1 in file lab21.asm
   Uses
      None
Comment: RESET unused
__Vectors 00000000

Symbol: __Vectors
   Definitions
      At line 3 in file lab21.asm
   Uses
      At line 2 in file lab21.asm
Comment: __Vectors used once
2 symbols



ARM Macro Assembler    Page 1 Alphabetic symbol ordering
Relocatable symbols

N 0000000C

Symbol: N
   Definitions
      At line 16 in file lab21.asm
   Uses
      At line 11 in file lab21.asm
Comment: N used once
Reset_Handler 00000000

Symbol: Reset_Handler
   Definitions
      At line 10 in file lab21.asm
   Uses
      At line 5 in file lab21.asm
      At line 9 in file lab21.asm

STOP 00000008

Symbol: STOP
   Definitions
      At line 15 in file lab21.asm
   Uses
      At line 15 in file lab21.asm
Comment: STOP used once
mycode 00000000

Symbol: mycode
   Definitions
      At line 7 in file lab21.asm
   Uses
      None
Comment: mycode unused
4 symbols



ARM Macro Assembler    Page 1 Alphabetic symbol ordering
Relocatable symbols

DST 00000000

Symbol: DST
   Definitions
      At line 18 in file lab21.asm
   Uses
      At line 12 in file lab21.asm
Comment: DST used once
mydata 00000000

Symbol: mydata
   Definitions
      At line 17 in file lab21.asm
   Uses
      None
Comment: mydata unused
2 symbols
341 symbols in table
